<?xml version="1.0" encoding="UTF-8"?>
<testng-results skipped="0" failed="0" total="1" passed="1">
  <reporter-output>
  </reporter-output>
  <suite name="Suite" duration-ms="46" started-at="2017-02-04T12:34:54Z" finished-at="2017-02-04T12:34:54Z">
    <groups>
    </groups>
    <test name="Test" duration-ms="46" started-at="2017-02-04T12:34:54Z" finished-at="2017-02-04T12:34:54Z">
      <class name="practice.Listeners">
        <test-method status="PASS" signature="test2()[pri:0, instance:practice.Listeners@8a9f61]" name="test2" duration-ms="20" started-at="2017-02-04T18:04:54Z" finished-at="2017-02-04T18:04:54Z">
          <reporter-output>
          </reporter-output>
        </test-method> <!-- test2 -->
      </class> <!-- practice.Listeners -->
    </test> <!-- Test -->
  </suite> <!-- Suite -->
</testng-results>
